This is LuaHBTeX, Version 1.21.0 (TeX Live 2025)  (format=lualatex 2025.3.8)  17 DEC 2025 13:55
 restricted system commands enabled.
 file:line:error style messages enabled.
**/Users/mathieuouillon/Documents/Latex/RGD_CommonNote2/main.tex
(/Users/mathieuouillon/Documents/Latex/RGD_CommonNote2/main.tex
LaTeX2e <2024-11-01> patch level 2
L3 programming layer <2025-01-18>
Lua module: luaotfload 2024-12-03 v3.29 Lua based OpenType font support
Lua module: lualibs 2023-07-13 v2.76 ConTeXt Lua standard libraries.
Lua module: lualibs-extended 2023-07-13 v2.76 ConTeXt Lua libraries -- extended collection.
luaotfload | conf : Root cache directory is "/Users/mathieuouillon/Library/texlive/2025/texmf-var/luatex-cache/generic/names".
luaotfload | init : Loading fontloader "fontloader-2023-12-28.lua" from kpse-resolved path "/usr/local/texlive/2025/texmf-dist/tex/luatex/luaotfload/fontloader-2023-12-28.lua".
Lua-only attribute luaotfload@noligature = 1
luaotfload | init : Context OpenType loader version 3.134
Inserting `luaotfload.node_processor' in `pre_linebreak_filter'.
Inserting `luaotfload.node_processor' in `hpack_filter'.
Inserting `luaotfload.glyph_stream' in `glyph_stream_provider'.
Inserting `luaotfload.define_font' in `define_font'.
Lua-only attribute luaotfload_color_attribute = 2
luaotfload | conf : Root cache directory is "/Users/mathieuouillon/Library/texlive/2025/texmf-var/luatex-cache/generic/names".
Inserting `luaotfload.harf.strip_prefix' in `find_opentype_file'.
Inserting `luaotfload.harf.strip_prefix' in `find_truetype_file'.
Removing  `luaotfload.glyph_stream' from `glyph_stream_provider'.
Inserting `luaotfload.harf.glyphstream' in `glyph_stream_provider'.
Inserting `luaotfload.harf.finalize_vlist' in `post_linebreak_filter'.
Inserting `luaotfload.harf.finalize_hlist' in `hpack_filter'.
Inserting `luaotfload.cleanup_files' in `wrapup_run'.
Inserting `luaotfload.harf.finalize_unicode' in `finish_pdffile'.
Inserting `luaotfload.glyphinfo' in `glyph_info'.
Lua-only attribute luaotfload.letterspace_done = 3
Inserting `luaotfload.aux.set_sscale_dimens' in `luaotfload.patch_font'.
Inserting `luaotfload.aux.set_font_index' in `luaotfload.patch_font'.
Inserting `luaotfload.aux.patch_cambria_domh' in `luaotfload.patch_font'.
Inserting `luaotfload.aux.fixup_fontdata' in `luaotfload.patch_font_unsafe'.
Inserting `luaotfload.aux.set_capheight' in `luaotfload.patch_font'.
Inserting `luaotfload.aux.set_xheight' in `luaotfload.patch_font'.
Inserting `luaotfload.rewrite_fontname' in `luaotfload.patch_font'.
Inserting `tracingstacklevels' in `input_level_string'. (/usr/local/texlive/2025/texmf-dist/tex/latex/base/article.cls
Document Class: article 2024/06/29 v1.4n Standard LaTeX document class
(/usr/local/texlive/2025/texmf-dist/tex/latex/base/size12.clo
File: size12.clo 2024/06/29 v1.4n Standard LaTeX file (size option)
luaotfload | db : Font names database loaded from /Users/mathieuouillon/Library/texlive/2025/texmf-var/luatex-cache/generic/names/luaotfload-names.luc.gz)
\c@part=\count194
\c@section=\count195
\c@subsection=\count196
\c@subsubsection=\count197
\c@paragraph=\count198
\c@subparagraph=\count199
\c@figure=\count266
\c@table=\count267
\abovecaptionskip=\skip49
\belowcaptionskip=\skip50
\bibindent=\dimen140
) (./NotesTeXV3.sty
Package: NotesTeXV3 2021/10/22 rV3
 (/usr/local/texlive/2025/texmf-dist/tex/latex/natbib/natbib.sty
Package: natbib 2010/09/13 8.31b (PWD, AO)
\bibhang=\skip51
\bibsep=\skip52
LaTeX Info: Redefining \cite on input line 694.
\c@NAT@ctr=\count268
) (/usr/local/texlive/2025/texmf-dist/tex/latex/graphics/color.sty
Package: color 2024/06/23 v1.3e Standard LaTeX Color (DPC)
 (/usr/local/texlive/2025/texmf-dist/tex/latex/graphics-cfg/color.cfg
File: color.cfg 2016/01/02 v1.6 sample color configuration
)
Package color Info: Driver file: luatex.def on input line 149.
 (/usr/local/texlive/2025/texmf-dist/tex/latex/graphics-def/luatex.def
File: luatex.def 2024/04/13 v1.2e Graphics/color driver for luatex
) (/usr/local/texlive/2025/texmf-dist/tex/latex/graphics/mathcolor.ltx)) (/usr/local/texlive/2025/texmf-dist/tex/latex/hyperref/hyperref.sty
Package: hyperref 2024-11-05 v7.01l Hypertext links for LaTeX
 (/usr/local/texlive/2025/texmf-dist/tex/generic/iftex/iftex.sty
Package: iftex 2024/12/12 v1.0g TeX engine tests
) (/usr/local/texlive/2025/texmf-dist/tex/latex/graphics/keyval.sty
Package: keyval 2022/05/29 v1.15 key=value parser (DPC)
\KV@toks@=\toks17
) (/usr/local/texlive/2025/texmf-dist/tex/latex/kvsetkeys/kvsetkeys.sty
Package: kvsetkeys 2022-10-05 v1.19 Key value parser (HO)
) (/usr/local/texlive/2025/texmf-dist/tex/generic/kvdefinekeys/kvdefinekeys.sty
Package: kvdefinekeys 2019-12-19 v1.6 Define keys (HO)
) (/usr/local/texlive/2025/texmf-dist/tex/generic/pdfescape/pdfescape.sty
Package: pdfescape 2019/12/09 v1.15 Implements pdfTeX's escape features (HO)
 (/usr/local/texlive/2025/texmf-dist/tex/generic/ltxcmds/ltxcmds.sty
Package: ltxcmds 2023-12-04 v1.26 LaTeX kernel commands for general use (HO)
) (/usr/local/texlive/2025/texmf-dist/tex/generic/pdftexcmds/pdftexcmds.sty
Package: pdftexcmds 2020-06-27 v0.33 Utility functions of pdfTeX for LuaTeX (HO)
 (/usr/local/texlive/2025/texmf-dist/tex/generic/infwarerr/infwarerr.sty
Package: infwarerr 2019/12/03 v1.5 Providing info/warning/error messages (HO)
)
Package pdftexcmds Info: \pdf@primitive is available.
Package pdftexcmds Info: \pdf@ifprimitive is available.
Package pdftexcmds Info: \pdfdraftmode found.
\pdftexcmds@toks=\toks18
)) (/usr/local/texlive/2025/texmf-dist/tex/latex/hycolor/hycolor.sty
Package: hycolor 2020-01-27 v1.10 Color options for hyperref/bookmark (HO)
) (/usr/local/texlive/2025/texmf-dist/tex/latex/hyperref/nameref.sty
Package: nameref 2023-11-26 v2.56 Cross-referencing by name of section
 (/usr/local/texlive/2025/texmf-dist/tex/latex/refcount/refcount.sty
Package: refcount 2019/12/15 v3.6 Data extraction from label references (HO)
) (/usr/local/texlive/2025/texmf-dist/tex/generic/gettitlestring/gettitlestring.sty
Package: gettitlestring 2019/12/15 v1.6 Cleanup title references (HO)
 (/usr/local/texlive/2025/texmf-dist/tex/latex/kvoptions/kvoptions.sty
Package: kvoptions 2022-06-15 v3.15 Key value format for package options (HO)
))
\c@section@level=\count269
) (/usr/local/texlive/2025/texmf-dist/tex/latex/etoolbox/etoolbox.sty
Package: etoolbox 2025/02/11 v2.5l e-TeX tools for LaTeX (JAW)
\etb@tempcnta=\count270
) (/usr/local/texlive/2025/texmf-dist/tex/generic/stringenc/stringenc.sty
Package: stringenc 2019/11/29 v1.12 Convert strings between diff. encodings (HO)
)
\@linkdim=\dimen141
\Hy@linkcounter=\count271
\Hy@pagecounter=\count272
 (/usr/local/texlive/2025/texmf-dist/tex/latex/hyperref/pd1enc.def
File: pd1enc.def 2024-11-05 v7.01l Hyperref: PDFDocEncoding definition (HO)
) (/usr/local/texlive/2025/texmf-dist/tex/generic/intcalc/intcalc.sty
Package: intcalc 2019/12/15 v1.3 Expandable calculations with integers (HO)
)
\Hy@SavedSpaceFactor=\count273
 (/usr/local/texlive/2025/texmf-dist/tex/latex/hyperref/puenc.def
File: puenc.def 2024-11-05 v7.01l Hyperref: PDF Unicode definition (HO)
)
Package hyperref Info: Option `colorlinks' set `true' on input line 4040.
Package hyperref Info: Option `linktocpage' set `true' on input line 4040.
Package hyperref Info: Option `pdfa' set `true' on input line 4040.
Package hyperref Info: Option `pdfusetitle' set `true' on input line 4040.
Package hyperref Info: Hyper figures OFF on input line 4157.
Package hyperref Info: Link nesting OFF on input line 4162.
Package hyperref Info: Hyper index ON on input line 4165.
Package hyperref Info: Plain pages OFF on input line 4172.
Package hyperref Info: Backreferencing OFF on input line 4177.
Package hyperref Info: Implicit mode ON; LaTeX internals redefined.
Package hyperref Info: Bookmarks ON on input line 4424.
\c@Hy@tempcnt=\count274
 (/usr/local/texlive/2025/texmf-dist/tex/latex/url/url.sty
\Urlmuskip=\muskip17
Package: url 2013/09/16  ver 3.4  Verb mode for urls, etc.
)
LaTeX Info: Redefining \url on input line 4763.
\XeTeXLinkMargin=\dimen142
 (/usr/local/texlive/2025/texmf-dist/tex/generic/bitset/bitset.sty
Package: bitset 2019/12/09 v1.3 Handle bit-vector datatype (HO)
 (/usr/local/texlive/2025/texmf-dist/tex/generic/bigintcalc/bigintcalc.sty
Package: bigintcalc 2019/12/15 v1.5 Expandable calculations on big integers (HO)
))
\Fld@menulength=\count275
\Field@Width=\dimen143
\Fld@charsize=\dimen144
Package hyperref Info: Hyper figures OFF on input line 6042.
Package hyperref Info: Link nesting OFF on input line 6047.
Package hyperref Info: Hyper index ON on input line 6050.
Package hyperref Info: backreferencing OFF on input line 6057.
Package hyperref Info: Link coloring ON on input line 6060.
Package hyperref Info: Link coloring with OCG OFF on input line 6067.
Package hyperref Info: PDF/A mode ON on input line 6070.
 (/usr/local/texlive/2025/texmf-dist/tex/latex/base/atbegshi-ltx.sty
Package: atbegshi-ltx 2021/01/10 v1.0c Emulation of the original atbegshi
package with kernel methods
)
\Hy@abspage=\count276
\c@Item=\count277
\c@Hfootnote=\count278
)
Package hyperref Info: Driver (autodetected): hluatex.
 (/usr/local/texlive/2025/texmf-dist/tex/latex/hyperref/hluatex.def
File: hluatex.def 2024-11-05 v7.01l Hyperref driver for luaTeX
 (/usr/local/texlive/2025/texmf-dist/tex/latex/base/atveryend-ltx.sty
Package: atveryend-ltx 2020/08/19 v1.0a Emulation of the original atveryend package
with kernel methods
)
\Fld@listcount=\count279
\c@bookmark@seq@number=\count280
 (/usr/local/texlive/2025/texmf-dist/tex/latex/rerunfilecheck/rerunfilecheck.sty
Package: rerunfilecheck 2022-07-10 v1.10 Rerun checks for auxiliary files (HO)
 (/usr/local/texlive/2025/texmf-dist/tex/generic/uniquecounter/uniquecounter.sty
Package: uniquecounter 2019/12/15 v1.4 Provide unlimited unique counter (HO)
)
Package uniquecounter Info: New unique counter `rerunfilecheck' on input line 285.
)
\Hy@SectionHShift=\skip53
) (/usr/local/texlive/2025/texmf-dist/tex/latex/marginnote/marginnote.sty
Package: marginnote 2018/08/09 1.4b non floating margin notes for LaTeX
\c@mn@abspage=\count281
) (/usr/local/texlive/2025/texmf-dist/tex/latex/sidenotes/sidenotes.sty (/usr/local/texlive/2025/texmf-dist/tex/latex/l3packages/l3keys2e/l3keys2e.sty (/usr/local/texlive/2025/texmf-dist/tex/latex/l3kernel/expl3.sty
Package: expl3 2025-01-18 L3 programming layer (loader) 
 (/usr/local/texlive/2025/texmf-dist/tex/latex/l3backend/l3backend-luatex.def
File: l3backend-luatex.def 2024-05-08 L3 backend support: PDF output (LuaTeX)
\l__color_backend_stack_int=\count282
Inserting `l3color' in `luaotfload.parse_color'.
\l__pdf_internal_box=\box52
))
Package: l3keys2e 2024-08-16 LaTeX2e option processing using LaTeX3 keys
)
Package: sidenotes 2024/09/12 v1.20 Rich text in the margin for LaTeX
 (/usr/local/texlive/2025/texmf-dist/tex/latex/caption/caption.sty
Package: caption 2023/08/05 v3.6o Customizing captions (AR)
 (/usr/local/texlive/2025/texmf-dist/tex/latex/caption/caption3.sty
Package: caption3 2023/07/31 v2.4d caption3 kernel (AR)
\caption@tempdima=\dimen145
\captionmargin=\dimen146
\caption@leftmargin=\dimen147
\caption@rightmargin=\dimen148
\caption@width=\dimen149
\caption@indent=\dimen150
\caption@parindent=\dimen151
\caption@hangindent=\dimen152
Package caption Info: Standard document class detected.
)
\c@caption@flags=\count283
\c@continuedfloat=\count284
Package caption Info: hyperref package is loaded.
) (/usr/local/texlive/2025/texmf-dist/tex/latex/l3packages/xparse/xparse.sty
Package: xparse 2024-08-16 L3 Experimental document command parser
) (/usr/local/texlive/2025/texmf-dist/tex/latex/changepage/changepage.sty
Package: changepage 2009/10/20 v1.0c check page and change page layout
\c@cp@cntr=\count285
\cp@tempcnt=\count286
)
\c@sidenote=\count287
\@sidenotes@marginfigurebox=\box53
\@sidenotes@margintablebox=\box54
) (/usr/local/texlive/2025/texmf-dist/tex/latex/fancyhdr/fancyhdr.sty
Package: fancyhdr 2025/02/07 v5.2 Extensive control of page headers and footers
\f@nch@headwidth=\skip54
\f@nch@offset@elh=\skip55
\f@nch@offset@erh=\skip56
\f@nch@offset@olh=\skip57
\f@nch@offset@orh=\skip58
\f@nch@offset@elf=\skip59
\f@nch@offset@erf=\skip60
\f@nch@offset@olf=\skip61
\f@nch@offset@orf=\skip62
\f@nch@height=\skip63
\f@nch@footalignment=\skip64
\f@nch@widthL=\skip65
\f@nch@widthC=\skip66
\f@nch@widthR=\skip67
\@temptokenb=\toks19
) (/usr/local/texlive/2025/texmf-dist/tex/latex/geometry/geometry.sty
Package: geometry 2020/01/02 v5.9 Page Geometry
 (/usr/local/texlive/2025/texmf-dist/tex/generic/iftex/ifvtex.sty
Package: ifvtex 2019/10/25 v1.7 ifvtex legacy package. Use iftex instead.
)
\Gm@cnth=\count288
\Gm@cntv=\count289
\c@Gm@tempcnt=\count290
\Gm@bindingoffset=\dimen153
\Gm@wd@mp=\dimen154
\Gm@odd@mp=\dimen155
\Gm@even@mp=\dimen156
\Gm@layoutwidth=\dimen157
\Gm@layoutheight=\dimen158
\Gm@layouthoffset=\dimen159
\Gm@layoutvoffset=\dimen160
\Gm@dimlist=\toks20
) (/usr/local/texlive/2025/texmf-dist/tex/latex/xcolor/xcolor.sty
Package: xcolor 2024/09/29 v3.02 LaTeX color extensions (UK)
 (/usr/local/texlive/2025/texmf-dist/tex/latex/graphics-cfg/color.cfg
File: color.cfg 2016/01/02 v1.6 sample color configuration
)

Package xcolor Warning: Package option `usenames' is obsolete and ignored on input line 265.

Package xcolor Info: Driver file: luatex.def on input line 274.
LaTeX Info: Redefining \color on input line 762.
(/usr/local/texlive/2025/texmf-dist/tex/latex/graphics/mathcolor.ltx)
Package xcolor Info: Model `cmy' substituted by `cmy0' on input line 1349.
Package xcolor Info: Model `hsb' substituted by `rgb' on input line 1353.
Package xcolor Info: Model `RGB' extended on input line 1365.
Package xcolor Info: Model `HTML' substituted by `rgb' on input line 1367.
Package xcolor Info: Model `Hsb' substituted by `hsb' on input line 1368.
Package xcolor Info: Model `tHsb' substituted by `hsb' on input line 1369.
Package xcolor Info: Model `HSB' substituted by `hsb' on input line 1370.
Package xcolor Info: Model `Gray' substituted by `gray' on input line 1371.
Package xcolor Info: Model `wave' substituted by `hsb' on input line 1372.
) (/usr/local/texlive/2025/texmf-dist/tex/latex/graphics/dvipsnam.def
File: dvipsnam.def 2016/06/17 v3.0m Driver-dependent file (DPC,SPQR)
) (/usr/local/texlive/2025/texmf-dist/tex/latex/tcolorbox/tcolorbox.sty
Package: tcolorbox 2024/10/22 version 6.4.1 text color boxes
 (/usr/local/texlive/2025/texmf-dist/tex/latex/pgf/frontendlayer/tikz.sty (/usr/local/texlive/2025/texmf-dist/tex/latex/pgf/basiclayer/pgf.sty (/usr/local/texlive/2025/texmf-dist/tex/latex/pgf/utilities/pgfrcs.sty (/usr/local/texlive/2025/texmf-dist/tex/generic/pgf/utilities/pgfutil-common.tex
\pgfutil@everybye=\toks21
\pgfutil@tempdima=\dimen161
\pgfutil@tempdimb=\dimen162
) (/usr/local/texlive/2025/texmf-dist/tex/generic/pgf/utilities/pgfutil-latex.def
\pgfutil@abb=\box55
) (/usr/local/texlive/2025/texmf-dist/tex/generic/pgf/utilities/pgfrcs.code.tex (/usr/local/texlive/2025/texmf-dist/tex/generic/pgf/pgf.revision.tex)
Package: pgfrcs 2023-01-15 v3.1.10 (3.1.10)
))
Package: pgf 2023-01-15 v3.1.10 (3.1.10)
 (/usr/local/texlive/2025/texmf-dist/tex/latex/pgf/basiclayer/pgfcore.sty (/usr/local/texlive/2025/texmf-dist/tex/latex/graphics/graphicx.sty
Package: graphicx 2021/09/16 v1.2d Enhanced LaTeX Graphics (DPC,SPQR)
 (/usr/local/texlive/2025/texmf-dist/tex/latex/graphics/graphics.sty
Package: graphics 2024/08/06 v1.4g Standard LaTeX Graphics (DPC,SPQR)
 (/usr/local/texlive/2025/texmf-dist/tex/latex/graphics/trig.sty
Package: trig 2023/12/02 v1.11 sin cos tan (DPC)
) (/usr/local/texlive/2025/texmf-dist/tex/latex/graphics-cfg/graphics.cfg
File: graphics.cfg 2016/06/04 v1.11 sample graphics configuration
)
Package graphics Info: Driver file: luatex.def on input line 106.
)
\Gin@req@height=\dimen163
\Gin@req@width=\dimen164
) (/usr/local/texlive/2025/texmf-dist/tex/latex/pgf/systemlayer/pgfsys.sty (/usr/local/texlive/2025/texmf-dist/tex/generic/pgf/systemlayer/pgfsys.code.tex
Package: pgfsys 2023-01-15 v3.1.10 (3.1.10)
 (/usr/local/texlive/2025/texmf-dist/tex/generic/pgf/utilities/pgfkeys.code.tex
\pgfkeys@pathtoks=\toks22
\pgfkeys@temptoks=\toks23
 (/usr/local/texlive/2025/texmf-dist/tex/generic/pgf/utilities/pgfkeyslibraryfiltered.code.tex
\pgfkeys@tmptoks=\toks24
))
\pgf@x=\dimen165
\pgf@y=\dimen166
\pgf@xa=\dimen167
\pgf@ya=\dimen168
\pgf@xb=\dimen169
\pgf@yb=\dimen170
\pgf@xc=\dimen171
\pgf@yc=\dimen172
\pgf@xd=\dimen173
\pgf@yd=\dimen174
\w@pgf@writea=\write3
\r@pgf@reada=\read2
\c@pgf@counta=\count291
\c@pgf@countb=\count292
\c@pgf@countc=\count293
\c@pgf@countd=\count294
\t@pgf@toka=\toks25
\t@pgf@tokb=\toks26
\t@pgf@tokc=\toks27
\pgf@sys@id@count=\count295
 (/usr/local/texlive/2025/texmf-dist/tex/generic/pgf/systemlayer/pgf.cfg
File: pgf.cfg 2023-01-15 v3.1.10 (3.1.10)
)
Driver file for pgf: pgfsys-luatex.def
 (/usr/local/texlive/2025/texmf-dist/tex/generic/pgf/systemlayer/pgfsys-luatex.def
File: pgfsys-luatex.def 2023-01-15 v3.1.10 (3.1.10)
 (/usr/local/texlive/2025/texmf-dist/tex/generic/pgf/systemlayer/pgfsys-common-pdf.def
File: pgfsys-common-pdf.def 2023-01-15 v3.1.10 (3.1.10)
))) (/usr/local/texlive/2025/texmf-dist/tex/generic/pgf/systemlayer/pgfsyssoftpath.code.tex
File: pgfsyssoftpath.code.tex 2023-01-15 v3.1.10 (3.1.10)
\pgfsyssoftpath@smallbuffer@items=\count296
\pgfsyssoftpath@bigbuffer@items=\count297
) (/usr/local/texlive/2025/texmf-dist/tex/generic/pgf/systemlayer/pgfsysprotocol.code.tex
File: pgfsysprotocol.code.tex 2023-01-15 v3.1.10 (3.1.10)
)) (/usr/local/texlive/2025/texmf-dist/tex/generic/pgf/basiclayer/pgfcore.code.tex
Package: pgfcore 2023-01-15 v3.1.10 (3.1.10)
 (/usr/local/texlive/2025/texmf-dist/tex/generic/pgf/math/pgfmath.code.tex (/usr/local/texlive/2025/texmf-dist/tex/generic/pgf/math/pgfmathutil.code.tex) (/usr/local/texlive/2025/texmf-dist/tex/generic/pgf/math/pgfmathparser.code.tex
\pgfmath@dimen=\dimen175
\pgfmath@count=\count298
\pgfmath@box=\box56
\pgfmath@toks=\toks28
\pgfmath@stack@operand=\toks29
\pgfmath@stack@operation=\toks30
) (/usr/local/texlive/2025/texmf-dist/tex/generic/pgf/math/pgfmathfunctions.code.tex) (/usr/local/texlive/2025/texmf-dist/tex/generic/pgf/math/pgfmathfunctions.basic.code.tex) (/usr/local/texlive/2025/texmf-dist/tex/generic/pgf/math/pgfmathfunctions.trigonometric.code.tex) (/usr/local/texlive/2025/texmf-dist/tex/generic/pgf/math/pgfmathfunctions.random.code.tex) (/usr/local/texlive/2025/texmf-dist/tex/generic/pgf/math/pgfmathfunctions.comparison.code.tex) (/usr/local/texlive/2025/texmf-dist/tex/generic/pgf/math/pgfmathfunctions.base.code.tex) (/usr/local/texlive/2025/texmf-dist/tex/generic/pgf/math/pgfmathfunctions.round.code.tex) (/usr/local/texlive/2025/texmf-dist/tex/generic/pgf/math/pgfmathfunctions.misc.code.tex) (/usr/local/texlive/2025/texmf-dist/tex/generic/pgf/math/pgfmathfunctions.integerarithmetics.code.tex) (/usr/local/texlive/2025/texmf-dist/tex/generic/pgf/math/pgfmathcalc.code.tex) (/usr/local/texlive/2025/texmf-dist/tex/generic/pgf/math/pgfmathfloat.code.tex
\c@pgfmathroundto@lastzeros=\count299
)) (/usr/local/texlive/2025/texmf-dist/tex/generic/pgf/math/pgfint.code.tex) (/usr/local/texlive/2025/texmf-dist/tex/generic/pgf/basiclayer/pgfcorepoints.code.tex
File: pgfcorepoints.code.tex 2023-01-15 v3.1.10 (3.1.10)
\pgf@picminx=\dimen176
\pgf@picmaxx=\dimen177
\pgf@picminy=\dimen178
\pgf@picmaxy=\dimen179
\pgf@pathminx=\dimen180
\pgf@pathmaxx=\dimen181
\pgf@pathminy=\dimen182
\pgf@pathmaxy=\dimen183
\pgf@xx=\dimen184
\pgf@xy=\dimen185
\pgf@yx=\dimen186
\pgf@yy=\dimen187
\pgf@zx=\dimen188
\pgf@zy=\dimen189
) (/usr/local/texlive/2025/texmf-dist/tex/generic/pgf/basiclayer/pgfcorepathconstruct.code.tex
File: pgfcorepathconstruct.code.tex 2023-01-15 v3.1.10 (3.1.10)
\pgf@path@lastx=\dimen190
\pgf@path@lasty=\dimen191
) (/usr/local/texlive/2025/texmf-dist/tex/generic/pgf/basiclayer/pgfcorepathusage.code.tex
File: pgfcorepathusage.code.tex 2023-01-15 v3.1.10 (3.1.10)
\pgf@shorten@end@additional=\dimen192
\pgf@shorten@start@additional=\dimen193
) (/usr/local/texlive/2025/texmf-dist/tex/generic/pgf/basiclayer/pgfcorescopes.code.tex
File: pgfcorescopes.code.tex 2023-01-15 v3.1.10 (3.1.10)
\pgfpic=\box57
\pgf@hbox=\box58
\pgf@layerbox@main=\box59
\pgf@picture@serial@count=\count300
) (/usr/local/texlive/2025/texmf-dist/tex/generic/pgf/basiclayer/pgfcoregraphicstate.code.tex
File: pgfcoregraphicstate.code.tex 2023-01-15 v3.1.10 (3.1.10)
\pgflinewidth=\dimen194
) (/usr/local/texlive/2025/texmf-dist/tex/generic/pgf/basiclayer/pgfcoretransformations.code.tex
File: pgfcoretransformations.code.tex 2023-01-15 v3.1.10 (3.1.10)
\pgf@pt@x=\dimen195
\pgf@pt@y=\dimen196
\pgf@pt@temp=\dimen197
) (/usr/local/texlive/2025/texmf-dist/tex/generic/pgf/basiclayer/pgfcorequick.code.tex
File: pgfcorequick.code.tex 2023-01-15 v3.1.10 (3.1.10)
) (/usr/local/texlive/2025/texmf-dist/tex/generic/pgf/basiclayer/pgfcoreobjects.code.tex
File: pgfcoreobjects.code.tex 2023-01-15 v3.1.10 (3.1.10)
) (/usr/local/texlive/2025/texmf-dist/tex/generic/pgf/basiclayer/pgfcorepathprocessing.code.tex
File: pgfcorepathprocessing.code.tex 2023-01-15 v3.1.10 (3.1.10)
) (/usr/local/texlive/2025/texmf-dist/tex/generic/pgf/basiclayer/pgfcorearrows.code.tex
File: pgfcorearrows.code.tex 2023-01-15 v3.1.10 (3.1.10)
\pgfarrowsep=\dimen198
) (/usr/local/texlive/2025/texmf-dist/tex/generic/pgf/basiclayer/pgfcoreshade.code.tex
File: pgfcoreshade.code.tex 2023-01-15 v3.1.10 (3.1.10)
\pgf@max=\dimen199
\pgf@sys@shading@range@num=\count301
\pgf@shadingcount=\count302
) (/usr/local/texlive/2025/texmf-dist/tex/generic/pgf/basiclayer/pgfcoreimage.code.tex
File: pgfcoreimage.code.tex 2023-01-15 v3.1.10 (3.1.10)
) (/usr/local/texlive/2025/texmf-dist/tex/generic/pgf/basiclayer/pgfcoreexternal.code.tex
File: pgfcoreexternal.code.tex 2023-01-15 v3.1.10 (3.1.10)
\pgfexternal@startupbox=\box60
) (/usr/local/texlive/2025/texmf-dist/tex/generic/pgf/basiclayer/pgfcorelayers.code.tex
File: pgfcorelayers.code.tex 2023-01-15 v3.1.10 (3.1.10)
) (/usr/local/texlive/2025/texmf-dist/tex/generic/pgf/basiclayer/pgfcoretransparency.code.tex
File: pgfcoretransparency.code.tex 2023-01-15 v3.1.10 (3.1.10)
) (/usr/local/texlive/2025/texmf-dist/tex/generic/pgf/basiclayer/pgfcorepatterns.code.tex
File: pgfcorepatterns.code.tex 2023-01-15 v3.1.10 (3.1.10)
) (/usr/local/texlive/2025/texmf-dist/tex/generic/pgf/basiclayer/pgfcorerdf.code.tex
File: pgfcorerdf.code.tex 2023-01-15 v3.1.10 (3.1.10)
))) (/usr/local/texlive/2025/texmf-dist/tex/generic/pgf/modules/pgfmoduleshapes.code.tex
File: pgfmoduleshapes.code.tex 2023-01-15 v3.1.10 (3.1.10)
\pgfnodeparttextbox=\box61
) (/usr/local/texlive/2025/texmf-dist/tex/generic/pgf/modules/pgfmoduleplot.code.tex
File: pgfmoduleplot.code.tex 2023-01-15 v3.1.10 (3.1.10)
) (/usr/local/texlive/2025/texmf-dist/tex/latex/pgf/compatibility/pgfcomp-version-0-65.sty
Package: pgfcomp-version-0-65 2023-01-15 v3.1.10 (3.1.10)
\pgf@nodesepstart=\dimen256
\pgf@nodesepend=\dimen257
) (/usr/local/texlive/2025/texmf-dist/tex/latex/pgf/compatibility/pgfcomp-version-1-18.sty
Package: pgfcomp-version-1-18 2023-01-15 v3.1.10 (3.1.10)
)) (/usr/local/texlive/2025/texmf-dist/tex/latex/pgf/utilities/pgffor.sty (/usr/local/texlive/2025/texmf-dist/tex/latex/pgf/utilities/pgfkeys.sty (/usr/local/texlive/2025/texmf-dist/tex/generic/pgf/utilities/pgfkeys.code.tex)) (/usr/local/texlive/2025/texmf-dist/tex/latex/pgf/math/pgfmath.sty (/usr/local/texlive/2025/texmf-dist/tex/generic/pgf/math/pgfmath.code.tex)) (/usr/local/texlive/2025/texmf-dist/tex/generic/pgf/utilities/pgffor.code.tex
Package: pgffor 2023-01-15 v3.1.10 (3.1.10)
\pgffor@iter=\dimen258
\pgffor@skip=\dimen259
\pgffor@stack=\toks31
\pgffor@toks=\toks32
)) (/usr/local/texlive/2025/texmf-dist/tex/generic/pgf/frontendlayer/tikz/tikz.code.tex
Package: tikz 2023-01-15 v3.1.10 (3.1.10)
 (/usr/local/texlive/2025/texmf-dist/tex/generic/pgf/libraries/pgflibraryplothandlers.code.tex
File: pgflibraryplothandlers.code.tex 2023-01-15 v3.1.10 (3.1.10)
\pgf@plot@mark@count=\count303
\pgfplotmarksize=\dimen260
)
\tikz@lastx=\dimen261
\tikz@lasty=\dimen262
\tikz@lastxsaved=\dimen263
\tikz@lastysaved=\dimen264
\tikz@lastmovetox=\dimen265
\tikz@lastmovetoy=\dimen266
\tikzleveldistance=\dimen267
\tikzsiblingdistance=\dimen268
\tikz@figbox=\box62
\tikz@figbox@bg=\box63
\tikz@tempbox=\box64
\tikz@tempbox@bg=\box65
\tikztreelevel=\count304
\tikznumberofchildren=\count305
\tikznumberofcurrentchild=\count306
\tikz@fig@count=\count307
 (/usr/local/texlive/2025/texmf-dist/tex/generic/pgf/modules/pgfmodulematrix.code.tex
File: pgfmodulematrix.code.tex 2023-01-15 v3.1.10 (3.1.10)
\pgfmatrixcurrentrow=\count308
\pgfmatrixcurrentcolumn=\count309
\pgf@matrix@numberofcolumns=\count310
)
\tikz@expandcount=\count311
 (/usr/local/texlive/2025/texmf-dist/tex/generic/pgf/frontendlayer/tikz/libraries/tikzlibrarytopaths.code.tex
File: tikzlibrarytopaths.code.tex 2023-01-15 v3.1.10 (3.1.10)
))) (/usr/local/texlive/2025/texmf-dist/tex/latex/tools/verbatim.sty
Package: verbatim 2024-01-22 v1.5x LaTeX2e package for verbatim enhancements
\every@verbatim=\toks33
\verbatim@line=\toks34
\verbatim@in@stream=\read3
) (/usr/local/texlive/2025/texmf-dist/tex/latex/environ/environ.sty
Package: environ 2014/05/04 v0.3 A new way to define environments
 (/usr/local/texlive/2025/texmf-dist/tex/latex/trimspaces/trimspaces.sty
Package: trimspaces 2009/09/17 v1.1 Trim spaces around a token list
)
\@envbody=\toks35
)
\tcb@titlebox=\box66
\tcb@upperbox=\box67
\tcb@lowerbox=\box68
\tcb@phantombox=\box69
\c@tcbbreakpart=\count312
\c@tcblayer=\count313
\c@tcolorbox@number=\count314
\l__tcobox_tmpa_box=\box70
\l__tcobox_tmpa_dim=\dimen269
\tcb@temp=\box71
\tcb@temp=\box72
\tcb@temp=\box73
\tcb@temp=\box74
 (/usr/local/texlive/2025/texmf-dist/tex/latex/tcolorbox/tcbraster.code.tex
Library (tcolorbox): 'tcbraster.code.tex' version '6.4.1'
\c@tcbrastercolumn=\count315
\c@tcbrasterrow=\count316
\c@tcbrasternum=\count317
\c@tcbraster=\count318
) (/usr/local/texlive/2025/texmf-dist/tex/latex/tcolorbox/tcbskins.code.tex
Library (tcolorbox): 'tcbskins.code.tex' version '6.4.1'
(/usr/local/texlive/2025/texmf-dist/tex/latex/tikzfill/tikzfill.image.sty
Package: tikzfill.image 2023/08/08 v1.0.1 Image filling library for TikZ
 (/usr/local/texlive/2025/texmf-dist/tex/latex/tikzfill/tikzfill-common.sty
Package: tikzfill-common 2023/08/08 v1.0.1 Auxiliary code for tikzfill
) (/usr/local/texlive/2025/texmf-dist/tex/latex/tikzfill/tikzlibraryfill.image.code.tex
File: tikzlibraryfill.image.code.tex 2023/08/08 v1.0.1 Image filling library
\l__tikzfill_img_box=\box75
)) (/usr/local/texlive/2025/texmf-dist/tex/latex/tcolorbox/tcbskinsjigsaw.code.tex
Library (tcolorbox): 'tcbskinsjigsaw.code.tex' version '6.4.1'
)) (/usr/local/texlive/2025/texmf-dist/tex/latex/tcolorbox/tcbbreakable.code.tex
Library (tcolorbox): 'tcbbreakable.code.tex' version '6.4.1'
(/usr/local/texlive/2025/texmf-dist/tex/latex/pdfcol/pdfcol.sty
Package: pdfcol 2022-09-21 v1.7 Handle new color stacks for pdfTeX (HO)
)
Package pdfcol Info: New color stack `tcb@breakable' = 1 on input line 23.
\tcb@testbox=\box76
\tcb@totalupperbox=\box77
\tcb@totallowerbox=\box78
 (/usr/local/texlive/2025/texmf-dist/tex/generic/iftex/ifluatex.sty
Package: ifluatex 2019/10/25 v1.5 ifluatex legacy package. Use iftex instead.
)) (/usr/local/texlive/2025/texmf-dist/tex/latex/tcolorbox/tcbhooks.code.tex
Library (tcolorbox): 'tcbhooks.code.tex' version '6.4.1'
) (/usr/local/texlive/2025/texmf-dist/tex/latex/tcolorbox/tcbtheorems.code.tex
Library (tcolorbox): 'tcbtheorems.code.tex' version '6.4.1'
(/usr/local/texlive/2025/texmf-dist/tex/latex/amsmath/amsmath.sty
Package: amsmath 2024/11/05 v2.17t AMS math features
\@mathmargin=\skip68

For additional information on amsmath, use the `?' option.
(/usr/local/texlive/2025/texmf-dist/tex/latex/amsmath/amstext.sty
Package: amstext 2021/08/26 v2.01 AMS text
 (/usr/local/texlive/2025/texmf-dist/tex/latex/amsmath/amsgen.sty
File: amsgen.sty 1999/11/30 v2.0 generic functions
\@emptytoks=\toks36
\ex@=\dimen270
)) (/usr/local/texlive/2025/texmf-dist/tex/latex/amsmath/amsbsy.sty
Package: amsbsy 1999/11/29 v1.2d Bold Symbols
\pmbraise@=\dimen271
) (/usr/local/texlive/2025/texmf-dist/tex/latex/amsmath/amsopn.sty
Package: amsopn 2022/04/08 v2.04 operator names
)
\inf@bad=\count319
LaTeX Info: Redefining \frac on input line 235.
\uproot@=\count320
\leftroot@=\count321
LaTeX Info: Redefining \overline on input line 398.
LaTeX Info: Redefining \colon on input line 409.
\classnum@=\count322
\DOTSCASE@=\count323
LaTeX Info: Redefining \ldots on input line 495.
LaTeX Info: Redefining \dots on input line 498.
LaTeX Info: Redefining \cdots on input line 619.
\Mathstrutbox@=\box79
\strutbox@=\box80
LaTeX Info: Redefining \big on input line 721.
LaTeX Info: Redefining \Big on input line 722.
LaTeX Info: Redefining \bigg on input line 723.
LaTeX Info: Redefining \Bigg on input line 724.
\big@size=\dimen272
LaTeX Font Info:    Redeclaring font encoding OML on input line 742.
LaTeX Font Info:    Redeclaring font encoding OMS on input line 743.
\macc@depth=\count324
LaTeX Info: Redefining \bmod on input line 904.
LaTeX Info: Redefining \pmod on input line 909.
LaTeX Info: Redefining \smash on input line 939.
LaTeX Info: Redefining \relbar on input line 969.
LaTeX Info: Redefining \Relbar on input line 970.
\c@MaxMatrixCols=\count325
\dotsspace@=\muskip18
\c@parentequation=\count326
\dspbrk@lvl=\count327
\tag@help=\toks37
\row@=\count328
\column@=\count329
\maxfields@=\count330
\andhelp@=\toks38
\eqnshift@=\dimen273
\alignsep@=\dimen274
\tagshift@=\dimen275
\tagwidth@=\dimen276
\totwidth@=\dimen277
\lineht@=\dimen278
\@envbody=\toks39
\multlinegap=\skip69
\multlinetaggap=\skip70
\mathdisplay@stack=\toks40
LaTeX Info: Redefining \[ on input line 2953.
LaTeX Info: Redefining \] on input line 2954.
)) (/usr/local/texlive/2025/texmf-dist/tex/latex/tcolorbox/tcbfitting.code.tex
Library (tcolorbox): 'tcbfitting.code.tex' version '6.4.1'
\tcbfitdim=\dimen279
\tcb@lowerfitdim=\dimen280
\tcb@upperfitdim=\dimen281
\tcb@cur@hbadness=\count331
)) (/usr/local/texlive/2025/texmf-dist/tex/latex/base/fontenc.sty
Package: fontenc 2021/04/29 v2.0v Standard LaTeX package
LaTeX Font Info:    Trying to load font information for T1+lmr on input line 116.
 (/usr/local/texlive/2025/texmf-dist/tex/latex/lm/t1lmr.fd
File: t1lmr.fd 2015/05/01 v1.6.1 Font defs for Latin Modern
)) (/usr/local/texlive/2025/texmf-dist/tex/latex/lm/lmodern.sty
Package: lmodern 2015/05/01 v1.6.1 Latin Modern Fonts
LaTeX Font Info:    Overwriting symbol font `operators' in version `normal'
(Font)                  OT1/cmr/m/n --> OT1/lmr/m/n on input line 22.
LaTeX Font Info:    Overwriting symbol font `letters' in version `normal'
(Font)                  OML/cmm/m/it --> OML/lmm/m/it on input line 23.
LaTeX Font Info:    Overwriting symbol font `symbols' in version `normal'
(Font)                  OMS/cmsy/m/n --> OMS/lmsy/m/n on input line 24.
LaTeX Font Info:    Overwriting symbol font `largesymbols' in version `normal'
(Font)                  OMX/cmex/m/n --> OMX/lmex/m/n on input line 25.
LaTeX Font Info:    Overwriting symbol font `operators' in version `bold'
(Font)                  OT1/cmr/bx/n --> OT1/lmr/bx/n on input line 26.
LaTeX Font Info:    Overwriting symbol font `letters' in version `bold'
(Font)                  OML/cmm/b/it --> OML/lmm/b/it on input line 27.
LaTeX Font Info:    Overwriting symbol font `symbols' in version `bold'
(Font)                  OMS/cmsy/b/n --> OMS/lmsy/b/n on input line 28.
LaTeX Font Info:    Overwriting symbol font `largesymbols' in version `bold'
(Font)                  OMX/cmex/m/n --> OMX/lmex/m/n on input line 29.
LaTeX Font Info:    Overwriting math alphabet `\mathbf' in version `normal'
(Font)                  OT1/cmr/bx/n --> OT1/lmr/bx/n on input line 31.
LaTeX Font Info:    Overwriting math alphabet `\mathsf' in version `normal'
(Font)                  OT1/cmss/m/n --> OT1/lmss/m/n on input line 32.
LaTeX Font Info:    Overwriting math alphabet `\mathit' in version `normal'
(Font)                  OT1/cmr/m/it --> OT1/lmr/m/it on input line 33.
LaTeX Font Info:    Overwriting math alphabet `\mathtt' in version `normal'
(Font)                  OT1/cmtt/m/n --> OT1/lmtt/m/n on input line 34.
LaTeX Font Info:    Overwriting math alphabet `\mathbf' in version `bold'
(Font)                  OT1/cmr/bx/n --> OT1/lmr/bx/n on input line 35.
LaTeX Font Info:    Overwriting math alphabet `\mathsf' in version `bold'
(Font)                  OT1/cmss/bx/n --> OT1/lmss/bx/n on input line 36.
LaTeX Font Info:    Overwriting math alphabet `\mathit' in version `bold'
(Font)                  OT1/cmr/bx/it --> OT1/lmr/bx/it on input line 37.
LaTeX Font Info:    Overwriting math alphabet `\mathtt' in version `bold'
(Font)                  OT1/cmtt/m/n --> OT1/lmtt/m/n on input line 38.
) (/usr/local/texlive/2025/texmf-dist/tex/latex/jknapltx/mathrsfs.sty
Package: mathrsfs 1996/01/01 Math RSFS package v1.0 (jk)
\symrsfs=\mathgroup4
) (/usr/local/texlive/2025/texmf-dist/tex/latex/enumitem/enumitem.sty
Package: enumitem 2025/02/06 v3.11 Customized lists
\labelindent=\skip71
\enit@outerparindent=\dimen282
\enit@toks=\toks41
\enit@inbox=\box81
\enit@count@id=\count332
\enitdp@description=\count333
) (/usr/local/texlive/2025/texmf-dist/tex/latex/mathtools/mathtools.sty
Package: mathtools 2024/10/04 v1.31 mathematical typesetting tools
 (/usr/local/texlive/2025/texmf-dist/tex/latex/tools/calc.sty
Package: calc 2023/07/08 v4.3 Infix arithmetic (KKT,FJ)
\calc@Acount=\count334
\calc@Bcount=\count335
\calc@Adimen=\dimen283
\calc@Bdimen=\dimen284
\calc@Askip=\skip72
\calc@Bskip=\skip73
LaTeX Info: Redefining \setlength on input line 80.
LaTeX Info: Redefining \addtolength on input line 81.
\calc@Ccount=\count336
\calc@Cskip=\skip74
) (/usr/local/texlive/2025/texmf-dist/tex/latex/mathtools/mhsetup.sty
Package: mhsetup 2021/03/18 v1.4 programming setup (MH)
)
\g_MT_multlinerow_int=\count337
\l_MT_multwidth_dim=\dimen285
\origjot=\skip75
\l_MT_shortvdotswithinadjustabove_dim=\dimen286
\l_MT_shortvdotswithinadjustbelow_dim=\dimen287
\l_MT_above_intertext_sep=\dimen288
\l_MT_below_intertext_sep=\dimen289
\l_MT_above_shortintertext_sep=\dimen290
\l_MT_below_shortintertext_sep=\dimen291
\xmathstrut@box=\box82
\xmathstrut@dim=\dimen292
) (/usr/local/texlive/2025/texmf-dist/tex/latex/amscls/amsthm.sty
Package: amsthm 2020/05/29 v2.20.6
\thm@style=\toks42
\thm@bodyfont=\toks43
\thm@headfont=\toks44
\thm@notefont=\toks45
\thm@headpunct=\toks46
\thm@preskip=\skip76
\thm@postskip=\skip77
\thm@headsep=\skip78
\dth@everypar=\toks47
) (/usr/local/texlive/2025/texmf-dist/tex/latex/amsfonts/amssymb.sty
Package: amssymb 2013/01/14 v3.01 AMS font symbols
 (/usr/local/texlive/2025/texmf-dist/tex/latex/amsfonts/amsfonts.sty
Package: amsfonts 2013/01/14 v3.01 Basic AMSFonts support
\symAMSa=\mathgroup5
\symAMSb=\mathgroup6
LaTeX Font Info:    Redeclaring math symbol \hbar on input line 98.
LaTeX Font Info:    Overwriting math alphabet `\mathfrak' in version `bold'
(Font)                  U/euf/m/n --> U/euf/b/n on input line 106.
)) (/usr/local/texlive/2025/texmf-dist/tex/latex/tools/bm.sty
Package: bm 2023/12/19 v1.2f Bold Symbol Support (DPC/FMi)
\symboldoperators=\mathgroup7
\symboldletters=\mathgroup8
\symboldsymbols=\mathgroup9
Package bm Info: No bold for \OMX/lmex/m/n, using \pmb.
Package bm Info: No bold for \U/rsfs/m/n, using \pmb.
Package bm Info: No bold for \U/msa/m/n, using \pmb.
Package bm Info: No bold for \U/msb/m/n, using \pmb.
LaTeX Font Info:    Redeclaring math alphabet \mathbf on input line 149.
) (/usr/local/texlive/2025/texmf-dist/tex/latex/thmtools/thmtools.sty
Package: thmtools 2023/05/04 v0.76
\thmt@toks=\toks48
\c@thmt@dummyctr=\count338
 (/usr/local/texlive/2025/texmf-dist/tex/latex/thmtools/thm-patch.sty
Package: thm-patch 2023/05/04 v0.76
 (/usr/local/texlive/2025/texmf-dist/tex/latex/thmtools/parseargs.sty
Package: parseargs 2023/05/04 v0.76
\@parsespec=\toks49
)) (/usr/local/texlive/2025/texmf-dist/tex/latex/thmtools/thm-kv.sty
Package: thm-kv 2023/05/04 v0.76
Package thm-kv Info: Theorem names will be uppercased on input line 42.
Package thm-kv Info: kvsetkeys patch (v1.16 or later) on input line 158.
) (/usr/local/texlive/2025/texmf-dist/tex/latex/thmtools/thm-autoref.sty
Package: thm-autoref 2023/05/04 v0.76
 (/usr/local/texlive/2025/texmf-dist/tex/latex/thmtools/aliasctr.sty
Package: aliasctr 2023/05/04 v0.76
)) (/usr/local/texlive/2025/texmf-dist/tex/latex/thmtools/thm-listof.sty
Package: thm-listof 2023/05/04 v0.76
) (/usr/local/texlive/2025/texmf-dist/tex/latex/thmtools/thm-restate.sty
Package: thm-restate 2023/05/04 v0.76
) (/usr/local/texlive/2025/texmf-dist/tex/latex/thmtools/thm-amsthm.sty
Package: thm-amsthm 2023/05/04 v0.76
\thmt@style@headstyle=\toks50
)) (/usr/local/texlive/2025/texmf-dist/tex/latex/tools/array.sty
Package: array 2024/10/17 v2.6g Tabular extension package (FMi)
\col@sep=\dimen293
\ar@mcellbox=\box83
\extrarowheight=\dimen294
\NC@list=\toks51
\extratabsurround=\skip79
\backup@length=\skip80
\ar@cellbox=\box84
) (/usr/local/texlive/2025/texmf-dist/tex/latex/tools/tabularx.sty
Package: tabularx 2023/12/11 v2.12a `tabularx' package (DPC)
\TX@col@width=\dimen295
\TX@old@table=\dimen296
\TX@old@col=\dimen297
\TX@target=\dimen298
\TX@delta=\dimen299
\TX@cols=\count339
\TX@ftn=\toks52
) (/usr/local/texlive/2025/texmf-dist/tex/latex/booktabs/booktabs.sty
Package: booktabs 2020/01/12 v1.61803398 Publication quality tables
\heavyrulewidth=\dimen300
\lightrulewidth=\dimen301
\cmidrulewidth=\dimen302
\belowrulesep=\dimen303
\belowbottomsep=\dimen304
\aboverulesep=\dimen305
\abovetopsep=\dimen306
\cmidrulesep=\dimen307
\cmidrulekern=\dimen308
\defaultaddspace=\dimen309
\@cmidla=\count340
\@cmidlb=\count341
\@aboverulesep=\dimen310
\@belowrulesep=\dimen311
\@thisruleclass=\count342
\@lastruleclass=\count343
\@thisrulewidth=\dimen312
) (/usr/local/texlive/2025/texmf-dist/tex/latex/wrapfig/wrapfig.sty
\wrapoverhang=\dimen313
\WF@size=\dimen314
\c@WF@wrappedlines=\count344
\WF@box=\box85
\WF@everypar=\toks53
Package: wrapfig 2003/01/31  v 3.6
) (/usr/local/texlive/2025/texmf-dist/tex/latex/float/float.sty
Package: float 2001/11/08 v1.3d Float enhancements (AL)
\c@float@type=\count345
\float@exts=\toks54
\float@box=\box86
\@float@everytoks=\toks55
\@floatcapt=\box87
) (/usr/local/texlive/2025/texmf-dist/tex/latex/setspace/setspace.sty
Package: setspace 2022/12/04 v6.7b set line spacing
) (/usr/local/texlive/2025/texmf-dist/tex/latex/tools/multicol.sty
Package: multicol 2024/09/14 v1.9i multicolumn formatting (FMi)
\c@tracingmulticols=\count346
\mult@box=\box88
\multicol@leftmargin=\dimen315
\c@unbalance=\count347
\c@collectmore=\count348
\doublecol@number=\count349
\multicoltolerance=\count350
\multicolpretolerance=\count351
\full@width=\dimen316
\page@free=\dimen317
\premulticols=\dimen318
\postmulticols=\dimen319
\multicolsep=\skip81
\multicolbaselineskip=\skip82
\partial@page=\box89
\last@line=\box90
\mc@boxedresult=\box91
\maxbalancingoverflow=\dimen320
\mult@rightbox=\box92
\mult@grightbox=\box93
\mult@firstbox=\box94
\mult@gfirstbox=\box95
\@tempa=\box96
\@tempa=\box97
\@tempa=\box98
\@tempa=\box99
\@tempa=\box100
\@tempa=\box101
\@tempa=\box102
\@tempa=\box103
\@tempa=\box104
\@tempa=\box105
\@tempa=\box106
\@tempa=\box107
\@tempa=\box108
\@tempa=\box109
\@tempa=\box110
\@tempa=\box111
\@tempa=\box112
\@tempa=\box113
\@tempa=\box114
\@tempa=\box115
\@tempa=\box116
\@tempa=\box117
\@tempa=\box118
\@tempa=\box119
\@tempa=\box120
\@tempa=\box121
\@tempa=\box122
\@tempa=\box123
\@tempa=\box124
\@tempa=\box125
\@tempa=\box126
\@tempa=\box127
\@tempa=\box128
\@tempa=\box129
\@tempa=\box130
\@tempa=\box131
\c@minrows=\count352
\c@columnbadness=\count353
\c@finalcolumnbadness=\count354
\last@try=\dimen321
\multicolovershoot=\dimen322
\multicolundershoot=\dimen323
\mult@nat@firstbox=\box132
\colbreak@box=\box133
\mc@col@check@num=\count355
) (/usr/local/texlive/2025/texmf-dist/tex/latex/physics/physics.sty
Package: physics 
)
\myoddoffset=\skip83
\spacelength=\skip84
\c@theorem=\count356
\c@proof=\count357
\c@Intuition=\count358
\c@ques=\count359
\c@definition=\count360
\c@lemma=\count361
\c@intu=\count362
\c@solu=\count363
\c@remark=\count364
\c@example=\count365
\auth@toks=\toks56
\affil@toks=\toks57
\email@toks=\toks58
\c@email@counter=\count366
\affiliationsSep=\skip85
LaTeX Font Info:    Trying to load font information for OT1+phv on input line 374.
 (/usr/local/texlive/2025/texmf-dist/tex/latex/psnfss/ot1phv.fd
File: ot1phv.fd 2020/03/25 scalable font definitions for OT1/phv.
) (/usr/local/texlive/2025/texmf-dist/tex/latex/titlesec/titlesec.sty
Package: titlesec 2025/01/04 v2.17 Sectioning titles
\ttl@box=\box134
\beforetitleunit=\skip86
\aftertitleunit=\skip87
\ttl@plus=\dimen324
\ttl@minus=\dimen325
\ttl@toksa=\toks59
\titlewidth=\dimen326
\titlewidthlast=\dimen327
\titlewidthfirst=\dimen328
)) (/usr/local/texlive/2025/texmf-dist/tex/latex/physics2/physics2.sty
Package: physics2 2024/01/10 v1.0.1 Tools for typesetting math for physics.
\phy@tempcnta=\count367
\phy@tempdima=\dimen329
\phy@tempdimb=\dimen330
\phy@tempskipa=\skip88
\phy@tempmuskipa=\muskip19
\phy@tempboxa=\box135
\phy@toksa=\toks60
\l__phy_tmpa_int=\count368
\l__phy_tmpb_int=\count369
) (/usr/local/texlive/2025/texmf-dist/tex/latex/carlisle/slashed.sty
Package: slashed 1997/01/16 v0.01 Feynman Slashed Character Notation (DPC)
) (/usr/local/texlive/2025/texmf-dist/tex/latex/tools/longtable.sty
Package: longtable 2024-10-27 v4.22 Multi-page Table package (DPC)
\LTleft=\skip89
\LTright=\skip90
\LTpre=\skip91
\LTpost=\skip92
\LTchunksize=\count370
\LTcapwidth=\dimen331
\LT@head=\box136
\LT@firsthead=\box137
\LT@foot=\box138
\LT@lastfoot=\box139
\LT@gbox=\box140
\LT@cols=\count371
\LT@rows=\count372
\c@LT@tables=\count373
\c@LT@chunks=\count374
\LT@p@ftn=\toks61
) (/usr/local/texlive/2025/texmf-dist/tex/latex/lineno/lineno.sty
Package: lineno 2025/01/29 line numbers on paragraphs v5.4
\linenopenalty=\count375
\output=\toks62
\linenoprevgraf=\count376
\linenumbersep=\dimen332
\linenumberwidth=\dimen333
\c@linenumber=\count377
\c@pagewiselinenumber=\count378
\c@LN@truepage=\count379
\c@internallinenumber=\count380
\c@internallinenumbers=\count381
\quotelinenumbersep=\dimen334
\bframerule=\dimen335
\bframesep=\dimen336
\bframebox=\box141
\@LN@amsmath@ams@eqpen=\count382
LaTeX Info: Redefining \\ on input line 3187.
) (/usr/local/texlive/2025/texmf-dist/tex/latex/multirow/multirow.sty
Package: multirow 2024/11/12 v2.9 Span multiple rows of a table
\multirow@colwidth=\skip93
\multirow@cntb=\count383
\multirow@dima=\skip94
\bigstrutjot=\dimen337
) (/usr/local/texlive/2025/texmf-dist/tex/latex/cleveref/cleveref.sty
Package: cleveref 2018/03/27 v0.21.4 Intelligent cross-referencing
Package cleveref Info: `hyperref' support loaded on input line 2370.
LaTeX Info: Redefining \cref on input line 2370.
LaTeX Info: Redefining \Cref on input line 2370.
LaTeX Info: Redefining \crefrange on input line 2370.
LaTeX Info: Redefining \Crefrange on input line 2370.
LaTeX Info: Redefining \cpageref on input line 2370.
LaTeX Info: Redefining \Cpageref on input line 2370.
LaTeX Info: Redefining \cpagerefrange on input line 2370.
LaTeX Info: Redefining \Cpagerefrange on input line 2370.
LaTeX Info: Redefining \labelcref on input line 2370.
LaTeX Info: Redefining \labelcpageref on input line 2370.
Package cleveref Info: `amsthm' support loaded on input line 3026.
) (/usr/local/texlive/2025/texmf-dist/tex/latex/caption/subcaption.sty
Package: subcaption 2023/07/28 v1.6b Sub-captions (AR)
Package caption Info: New subtype `subfigure' on input line 238.
\c@subfigure=\count384
Package caption Info: New subtype `subtable' on input line 238.
\c@subtable=\count385
) (/usr/local/texlive/2025/texmf-dist/tex/latex/placeins/placeins.sty
Package: placeins 2005/04/18  v 2.2
) (/usr/local/texlive/2025/texmf-dist/tex/latex/pdflscape/pdflscape.sty
Package: pdflscape 2022-10-27 v0.13 Display of landscape pages in PDF
 (/usr/local/texlive/2025/texmf-dist/tex/latex/pdflscape/pdflscape-nometadata.sty
Package: pdflscape-nometadata 2022-10-28 v0.13 Display of landscape pages in PDF (HO)
 (/usr/local/texlive/2025/texmf-dist/tex/latex/graphics/lscape.sty
Package: lscape 2020/05/28 v3.02 Landscape Pages (DPC)
)
Package pdflscape Info: Auto-detected driver: pdftex on input line 81.
)) (./main.aux)
\openout1 = main.aux

LaTeX Font Info:    Checking defaults for OML/cmm/m/it on input line 22.
LaTeX Font Info:    ... okay on input line 22.
LaTeX Font Info:    Checking defaults for OMS/cmsy/m/n on input line 22.
LaTeX Font Info:    ... okay on input line 22.
LaTeX Font Info:    Checking defaults for OT1/cmr/m/n on input line 22.
LaTeX Font Info:    ... okay on input line 22.
LaTeX Font Info:    Checking defaults for T1/cmr/m/n on input line 22.
LaTeX Font Info:    ... okay on input line 22.
LaTeX Font Info:    Checking defaults for TS1/cmr/m/n on input line 22.
LaTeX Font Info:    ... okay on input line 22.
LaTeX Font Info:    Checking defaults for TU/lmr/m/n on input line 22.
LaTeX Font Info:    ... okay on input line 22.
LaTeX Font Info:    Checking defaults for OMX/cmex/m/n on input line 22.
LaTeX Font Info:    ... okay on input line 22.
LaTeX Font Info:    Checking defaults for U/cmr/m/n on input line 22.
LaTeX Font Info:    ... okay on input line 22.
LaTeX Font Info:    Checking defaults for PD1/pdf/m/n on input line 22.
LaTeX Font Info:    ... okay on input line 22.
LaTeX Font Info:    Checking defaults for PU/pdf/m/n on input line 22.
LaTeX Font Info:    ... okay on input line 22.
 (/usr/local/texlive/2025/texmf-dist/tex/context/base/mkii/supp-pdf.mkii
[Loading MPS to PDF converter (version 2006.09.02).]
\scratchcounter=\count386
\scratchdimen=\dimen338
\scratchbox=\box142
\nofMPsegments=\count387
\nofMParguments=\count388
\everyMPshowfont=\toks63
\MPscratchCnt=\count389
\MPscratchDim=\dimen339
\MPnumerator=\count390
\makeMPintoPDFobject=\count391
\everyMPtoPDFconversion=\toks64
) (/usr/local/texlive/2025/texmf-dist/tex/latex/epstopdf-pkg/epstopdf-base.sty
Package: epstopdf-base 2020-01-24 v2.11 Base part for package epstopdf
Package epstopdf-base Info: Redefining graphics rule for `.eps' on input line 485.
 (/usr/local/texlive/2025/texmf-dist/tex/latex/latexconfig/epstopdf-sys.cfg
File: epstopdf-sys.cfg 2010/07/13 v1.3 Configuration of (r)epstopdf for TeX Live
))
Package hyperref Info: Link coloring ON on input line 22.
 (./main.out) (./main.out)
\@outlinefile=\write4

\openout4 = main.out
Package caption Info: Begin \AtBeginDocument code.
Package caption Info: changepage package is loaded.
\caption@adjustwidth@hsize=\dimen340
\caption@adjustwidth@linewidth=\dimen341
Package caption Info: float package is loaded.
Package caption Info: longtable package is loaded.
 (/usr/local/texlive/2025/texmf-dist/tex/latex/caption/ltcaption.sty
Package: ltcaption 2021/01/08 v1.4c longtable captions (AR)
)
Package caption Info: wrapfig package is loaded.
Package caption Info: End \AtBeginDocument code.
\@sidenotes@extrawidth=\skip95

*geometry* driver: auto-detecting
*geometry* detected driver: luatex
*geometry* verbose mode - [ preamble ] result:
* driver: luatex
* paper: custom
* layout: <same size as paper>
* layoutoffset:(h,v)=(0.0pt,0.0pt)
* modes: 
* h-part:(L,W,R)=(67.57281pt, 380.8599pt, 165.86229pt)
* v-part:(T,H,B)=(65.18811pt, 631.99968pt, 97.7822pt)
* \paperwidth=614.295pt
* \paperheight=794.96999pt
* \textwidth=380.8599pt
* \textheight=643.99968pt
* \oddsidemargin=-4.69717pt
* \evensidemargin=-4.69717pt
* \topmargin=39.75092pt
* \headheight=15.90279pt
* \headsep=23.84811pt
* \topskip=12.0pt
* \footskip=20.0pt
* \marginparwidth=122.85712pt
* \marginparsep=12.28851pt
* \columnsep=10.0pt
* \skip\footins=10.8pt plus 4.0pt minus 2.0pt
* \hoffset=0.0pt
* \voffset=-72.26999pt
* \mag=1000
* \@twocolumnfalse
* \@twosidefalse
* \@mparswitchfalse
* \@reversemarginfalse
* (1in=72.27pt=25.4mm, 1cm=28.453pt)

*geometry* verbose mode - [ newgeometry ] result:
* driver: luatex
* paper: custom
* layout: <same size as paper>
* layoutoffset:(h,v)=(0.0pt,0.0pt)
* modes: 
* h-part:(L,W,R)=(61.42856pt, 491.43787pt, 61.42857pt)
* v-part:(T,H,B)=(95.39737pt, 556.47656pt, 143.09605pt)
* \paperwidth=614.295pt
* \paperheight=794.96999pt
* \textwidth=491.43787pt
* \textheight=556.47656pt
* \oddsidemargin=-10.84143pt
* \evensidemargin=-10.84143pt
* \topmargin=-16.62352pt
* \headheight=15.90279pt
* \headsep=23.84811pt
* \topskip=12.0pt
* \footskip=20.0pt
* \marginparwidth=0.0pt
* \marginparsep=0.0pt
* \columnsep=10.0pt
* \skip\footins=10.8pt plus 4.0pt minus 2.0pt
* \hoffset=0.0pt
* \voffset=0.0pt
* \mag=1000
* \@twocolumnfalse
* \@twosidefalse
* \@mparswitchfalse
* \@reversemarginfalse
* (1in=72.27pt=25.4mm, 1cm=28.453pt)

LaTeX Font Info:    Trying to load font information for T1+lmss on input line 29.
(/usr/local/texlive/2025/texmf-dist/tex/latex/lm/t1lmss.fd
File: t1lmss.fd 2015/05/01 v1.6.1 Font defs for Latin Modern
)

LaTeX Font Warning: Font shape `T1/lmr/m/scit' undefined
(Font)              using `T1/lmr/m/scsl' instead on input line 29.


Underfull \hbox (badness 10000) in paragraph at lines 29--29

 []

LaTeX Font Info:    Trying to load font information for T1+lmtt on input line 29.
(/usr/local/texlive/2025/texmf-dist/tex/latex/lm/t1lmtt.fd
File: t1lmtt.fd 2015/05/01 v1.6.1 Font defs for Latin Modern
)
LaTeX Font Info:    Trying to load font information for OT1+lmr on input line 29.
 (/usr/local/texlive/2025/texmf-dist/tex/latex/lm/ot1lmr.fd
File: ot1lmr.fd 2015/05/01 v1.6.1 Font defs for Latin Modern
)
LaTeX Font Info:    Trying to load font information for OML+lmm on input line 29.
 (/usr/local/texlive/2025/texmf-dist/tex/latex/lm/omllmm.fd
File: omllmm.fd 2015/05/01 v1.6.1 Font defs for Latin Modern
)
LaTeX Font Info:    Trying to load font information for OMS+lmsy on input line 29.
 (/usr/local/texlive/2025/texmf-dist/tex/latex/lm/omslmsy.fd
File: omslmsy.fd 2015/05/01 v1.6.1 Font defs for Latin Modern
)
LaTeX Font Info:    Trying to load font information for OMX+lmex on input line 29.
 (/usr/local/texlive/2025/texmf-dist/tex/latex/lm/omxlmex.fd
File: omxlmex.fd 2015/05/01 v1.6.1 Font defs for Latin Modern
)
LaTeX Font Info:    External font `lmex10' loaded for size
(Font)              <12> on input line 29.
LaTeX Font Info:    External font `lmex10' loaded for size
(Font)              <8> on input line 29.
LaTeX Font Info:    External font `lmex10' loaded for size
(Font)              <6> on input line 29.
LaTeX Font Info:    Trying to load font information for U+rsfs on input line 29.
 (/usr/local/texlive/2025/texmf-dist/tex/latex/jknapltx/ursfs.fd
File: ursfs.fd 1998/03/24 rsfs font definition file (jk)
)
LaTeX Font Info:    Trying to load font information for U+msa on input line 29.
 (/usr/local/texlive/2025/texmf-dist/tex/latex/amsfonts/umsa.fd
File: umsa.fd 2013/01/14 v3.01 AMS symbols A
)
LaTeX Font Info:    Trying to load font information for U+msb on input line 29.
 (/usr/local/texlive/2025/texmf-dist/tex/latex/amsfonts/umsb.fd
File: umsb.fd 2013/01/14 v3.01 AMS symbols B
)

[0


{/usr/local/texlive/2025/texmf-var/fonts/map/pdftex/updmap/pdftex.map}]
Package marginnote Info: Using workaround for absolute page number on input line 29.
 (./main.toc)
\tf@toc=\write5

\openout5 = main.toc


[1]
LaTeX Font Info:    External font `lmex10' loaded for size
(Font)              <10.95> on input line 57.


[1

]
Package marginnote Info: Using workaround for absolute page number on input line 62.

Overfull \hbox (2.45139pt too wide) detected at line 64
[] \OT1/lmr/m/n/12 = 1000 \OMS/lmsy/m/n/12  [] \OT1/lmr/m/n/12 + 2000 \OMS/lmsy/m/n/12  [] \OT1/lmr/m/n/12 + 4000 \OMS/lmsy/m/n/12  [] \OT1/lmr/m/n/12 + 100 \OMS/lmsy/m/n/12  \OML/lmm/m/it/12 N[] \OT1/lmr/m/n/12 + 10 \OMS/lmsy/m/n/12  \OML/lmm/m/it/12 N[] \OT1/lmr/m/n/12 + 1 \OMS/lmsy/m/n/12  \OML/lmm/m/it/12 N[]
 []

<images/electron/plots_event_builder/nphe_neg_all_targets_OB.pdf, id=96, 1396.22118pt x 420.46077pt>
File: images/electron/plots_event_builder/nphe_neg_all_targets_OB.pdf Graphic file (type pdf)
<use images/electron/plots_event_builder/nphe_neg_all_targets_OB.pdf>
Package luatex.def Info: images/electron/plots_event_builder/nphe_neg_all_targets_OB.pdf  used on input line 73.
(luatex.def)             Requested size: 516.00552pt x 155.38841pt.

Overfull \hbox (135.14563pt too wide) in paragraph at lines 73--74
 [][] 
 []



[2<./images/electron/plots_event_builder/nphe_neg_all_targets_OB.pdf>]
<images/electron/plots_event_builder/EPCal_vs_ECal_S1_all_LD2_OB.pdf, id=123, 517.42523pt x 462.19707pt>
File: images/electron/plots_event_builder/EPCal_vs_ECal_S1_all_LD2_OB.pdf Graphic file (type pdf)
<use images/electron/plots_event_builder/EPCal_vs_ECal_S1_all_LD2_OB.pdf>
Package luatex.def Info: images/electron/plots_event_builder/EPCal_vs_ECal_S1_all_LD2_OB.pdf  used on input line 86.
(luatex.def)             Requested size: 182.81111pt x 163.29474pt.
<images/electron/plots_event_builder/EPCal_vs_ECal_S1_nphe_sf_LD2_OB.pdf, id=124, 517.42523pt x 462.19707pt>
File: images/electron/plots_event_builder/EPCal_vs_ECal_S1_nphe_sf_LD2_OB.pdf Graphic file (type pdf)
<use images/electron/plots_event_builder/EPCal_vs_ECal_S1_nphe_sf_LD2_OB.pdf>
Package luatex.def Info: images/electron/plots_event_builder/EPCal_vs_ECal_S1_nphe_sf_LD2_OB.pdf  used on input line 92.
(luatex.def)             Requested size: 182.81111pt x 163.29474pt.
<images/electron/plots_event_builder/EPCal_S1_nphe_sf.pdf, id=126, 1408.97594pt x 422.98018pt>
File: images/electron/plots_event_builder/EPCal_S1_nphe_sf.pdf Graphic file (type pdf)
<use images/electron/plots_event_builder/EPCal_S1_nphe_sf.pdf>
Package luatex.def Info: images/electron/plots_event_builder/EPCal_S1_nphe_sf.pdf  used on input line 103.
(luatex.def)             Requested size: 516.00552pt x 154.90604pt.

Overfull \hbox (135.14563pt too wide) in paragraph at lines 103--104
 [][] 
 []



[3<./images/electron/plots_event_builder/EPCal_vs_ECal_S1_all_LD2_OB.pdf><./images/electron/plots_event_builder/EPCal_vs_ECal_S1_nphe_sf_LD2_OB.pdf><./images/electron/plots_event_builder/EPCal_S1_nphe_sf.pdf>]
<images/electron/plots_event_builder/Etot_vs_SF_S1_cut_LD2_OB.pdf, id=207, 523.96521pt x 405.4362pt>
File: images/electron/plots_event_builder/Etot_vs_SF_S1_cut_LD2_OB.pdf Graphic file (type pdf)
<use images/electron/plots_event_builder/Etot_vs_SF_S1_cut_LD2_OB.pdf>
Package luatex.def Info: images/electron/plots_event_builder/Etot_vs_SF_S1_cut_LD2_OB.pdf  used on input line 122.
(luatex.def)             Requested size: 266.60075pt x 206.29955pt.


[4<./images/electron/plots_event_builder/Etot_vs_SF_S1_cut_LD2_OB.pdf>]
<images/electron/plots_sampling_fraction/sector_1_LD2_OB/p_vs_SF_S1_with_fit.pdf, id=248, 560.1002pt x 406.1574pt>
File: images/electron/plots_sampling_fraction/sector_1_LD2_OB/p_vs_SF_S1_with_fit.pdf Graphic file (type pdf)
<use images/electron/plots_sampling_fraction/sector_1_LD2_OB/p_vs_SF_S1_with_fit.pdf>
Package luatex.def Info: images/electron/plots_sampling_fraction/sector_1_LD2_OB/p_vs_SF_S1_with_fit.pdf  used on input line 144.
(luatex.def)             Requested size: 165.12553pt x 119.74101pt.
<images/electron/plots_sampling_fraction/sector_1_CxC_OB/p_vs_SF_S1_with_fit.pdf, id=249, 560.1002pt x 406.1574pt>
File: images/electron/plots_sampling_fraction/sector_1_CxC_OB/p_vs_SF_S1_with_fit.pdf Graphic file (type pdf)
<use images/electron/plots_sampling_fraction/sector_1_CxC_OB/p_vs_SF_S1_with_fit.pdf>
Package luatex.def Info: images/electron/plots_sampling_fraction/sector_1_CxC_OB/p_vs_SF_S1_with_fit.pdf  used on input line 151.
(luatex.def)             Requested size: 165.12553pt x 119.74101pt.
<images/electron/plots_sampling_fraction/sector_1_CuSn_OB/p_vs_SF_S1_with_fit.pdf, id=250, 560.1002pt x 406.1574pt>
File: images/electron/plots_sampling_fraction/sector_1_CuSn_OB/p_vs_SF_S1_with_fit.pdf Graphic file (type pdf)
<use images/electron/plots_sampling_fraction/sector_1_CuSn_OB/p_vs_SF_S1_with_fit.pdf>
Package luatex.def Info: images/electron/plots_sampling_fraction/sector_1_CuSn_OB/p_vs_SF_S1_with_fit.pdf  used on input line 158.
(luatex.def)             Requested size: 165.12553pt x 119.74101pt.

Overfull \hbox (135.14563pt too wide) in paragraph at lines 140--163
[]$[]$ 
 []

<images/electron/plots_sampling_fraction/OB/sectors_comparison_LD2.pdf, id=253, 559.01973pt x 476.46167pt>
File: images/electron/plots_sampling_fraction/OB/sectors_comparison_LD2.pdf Graphic file (type pdf)
<use images/electron/plots_sampling_fraction/OB/sectors_comparison_LD2.pdf>
Package luatex.def Info: images/electron/plots_sampling_fraction/OB/sectors_comparison_LD2.pdf  used on input line 173.
(luatex.def)             Requested size: 266.60075pt x 227.23041pt.
<images/electron/plots_sampling_fraction/OB/targets_comparison_average.pdf, id=255, 552.49457pt x 476.46167pt>
File: images/electron/plots_sampling_fraction/OB/targets_comparison_average.pdf Graphic file (type pdf)
<use images/electron/plots_sampling_fraction/OB/targets_comparison_average.pdf>
Package luatex.def Info: images/electron/plots_sampling_fraction/OB/targets_comparison_average.pdf  used on input line 182.
(luatex.def)             Requested size: 266.60075pt x 229.9204pt.


[5<./images/electron/plots_sampling_fraction/sector_1_LD2_OB/p_vs_SF_S1_with_fit.pdf><./images/electron/plots_sampling_fraction/sector_1_CxC_OB/p_vs_SF_S1_with_fit.pdf><./images/electron/plots_sampling_fraction/sector_1_CuSn_OB/p_vs_SF_S1_with_fit.pdf>]

[6<./images/electron/plots_sampling_fraction/OB/sectors_comparison_LD2.pdf><./images/electron/plots_sampling_fraction/OB/targets_comparison_average.pdf>]
<images/electron/plots_sampling_fraction/polarity_comparison_LD2.pdf, id=418, 559.01973pt x 476.46167pt>
File: images/electron/plots_sampling_fraction/polarity_comparison_LD2.pdf Graphic file (type pdf)
<use images/electron/plots_sampling_fraction/polarity_comparison_LD2.pdf>
Package luatex.def Info: images/electron/plots_sampling_fraction/polarity_comparison_LD2.pdf  used on input line 191.
(luatex.def)             Requested size: 266.60075pt x 227.23041pt.
<images/electron/LD2_electron_SFIn_vs_SFPcal_5_6_raw.pdf, id=421, 523.96521pt x 456.11086pt>
File: images/electron/LD2_electron_SFIn_vs_SFPcal_5_6_raw.pdf Graphic file (type pdf)
<use images/electron/LD2_electron_SFIn_vs_SFPcal_5_6_raw.pdf>
Package luatex.def Info: images/electron/LD2_electron_SFIn_vs_SFPcal_5_6_raw.pdf  used on input line 204.
(luatex.def)             Requested size: 182.81111pt x 159.13312pt.
<images/electron/LD2_electron_SFIn_vs_SFPcal_5_6_cuts.pdf, id=422, 523.96521pt x 456.11086pt>
File: images/electron/LD2_electron_SFIn_vs_SFPcal_5_6_cuts.pdf Graphic file (type pdf)
<use images/electron/LD2_electron_SFIn_vs_SFPcal_5_6_cuts.pdf>
Package luatex.def Info: images/electron/LD2_electron_SFIn_vs_SFPcal_5_6_cuts.pdf  used on input line 210.
(luatex.def)             Requested size: 182.81111pt x 159.13312pt.


[7<./images/electron/plots_sampling_fraction/polarity_comparison_LD2.pdf>]
<images/electron/Vz_CxC_OB.pdf, id=453, 688.71223pt x 695.2374pt>
File: images/electron/Vz_CxC_OB.pdf Graphic file (type pdf)
<use images/electron/Vz_CxC_OB.pdf>
Package luatex.def Info: images/electron/Vz_CxC_OB.pdf  used on input line 223.
(luatex.def)             Requested size: 190.42995pt x 192.2358pt.


[8<./images/electron/LD2_electron_SFIn_vs_SFPcal_5_6_raw.pdf><./images/electron/LD2_electron_SFIn_vs_SFPcal_5_6_cuts.pdf><./images/electron/Vz_CxC_OB.pdf>]
<images/electron/plots_calorimeter_fiducials/lv_vs_sf_LD2_all_sectors.pdf, id=536, 537.65358pt x 422.53432pt>
File: images/electron/plots_calorimeter_fiducials/lv_vs_sf_LD2_all_sectors.pdf Graphic file (type pdf)
<use images/electron/plots_calorimeter_fiducials/lv_vs_sf_LD2_all_sectors.pdf>
Package luatex.def Info: images/electron/plots_calorimeter_fiducials/lv_vs_sf_LD2_all_sectors.pdf  used on input line 258.
(luatex.def)             Requested size: 182.81111pt x 143.66621pt.
File: images/electron/plots_calorimeter_fiducials/lv_vs_sf_LD2_all_sectors.pdf Graphic file (type pdf)
<use images/electron/plots_calorimeter_fiducials/lv_vs_sf_LD2_all_sectors.pdf>
Package luatex.def Info: images/electron/plots_calorimeter_fiducials/lv_vs_sf_LD2_all_sectors.pdf  used on input line 265.
(luatex.def)             Requested size: 182.81111pt x 143.66621pt.
<images/electron/plots_calorimeter_fiducials/target_comparison/lv_vs_sf_S1_target_comparison.pdf, id=538, 537.65358pt x 422.53432pt>
File: images/electron/plots_calorimeter_fiducials/target_comparison/lv_vs_sf_S1_target_comparison.pdf Graphic file (type pdf)
<use images/electron/plots_calorimeter_fiducials/target_comparison/lv_vs_sf_S1_target_comparison.pdf>
Package luatex.def Info: images/electron/plots_calorimeter_fiducials/target_comparison/lv_vs_sf_S1_target_comparison.pdf  used on input line 277.
(luatex.def)             Requested size: 266.60075pt x 209.52585pt.


[9]

[10<./images/electron/plots_calorimeter_fiducials/lv_vs_sf_LD2_all_sectors.pdf><./images/electron/plots_calorimeter_fiducials/target_comparison/lv_vs_sf_S1_target_comparison.pdf>]
<images/electron/plots_chi2ndf_edge/LD2_OB/variance_method_explanation.pdf, id=619, 825.8168pt x 695.2374pt>
File: images/electron/plots_chi2ndf_edge/LD2_OB/variance_method_explanation.pdf Graphic file (type pdf)
<use images/electron/plots_chi2ndf_edge/LD2_OB/variance_method_explanation.pdf>
Package luatex.def Info: images/electron/plots_chi2ndf_edge/LD2_OB/variance_method_explanation.pdf  used on input line 290.
(luatex.def)             Requested size: 266.60075pt x 224.44307pt.
<images/electron/plots_chi2ndf_edge/LD2_OB/fiducial_cut_Tracks_ElectronTracks_edge_vs_chi2ndf_r1_S1_1.pdf, id=624, 695.2374pt x 333.8874pt>
File: images/electron/plots_chi2ndf_edge/LD2_OB/fiducial_cut_Tracks_ElectronTracks_edge_vs_chi2ndf_r1_S1_1.pdf Graphic file (type pdf)
<use images/electron/plots_chi2ndf_edge/LD2_OB/fiducial_cut_Tracks_ElectronTracks_edge_vs_chi2ndf_r1_S1_1.pdf>
Package luatex.def Info: images/electron/plots_chi2ndf_edge/LD2_OB/fiducial_cut_Tracks_ElectronTracks_edge_vs_chi2ndf_r1_S1_1.pdf  used on input line 335.
(luatex.def)             Requested size: 247.68044pt x 118.94608pt.
<images/electron/plots_chi2ndf_edge/LD2_OB/sector_comparison/sector_comparison_r1.pdf, id=625, 839.7774pt x 478.4274pt>
File: images/electron/plots_chi2ndf_edge/LD2_OB/sector_comparison/sector_comparison_r1.pdf Graphic file (type pdf)
<use images/electron/plots_chi2ndf_edge/LD2_OB/sector_comparison/sector_comparison_r1.pdf>
Package luatex.def Info: images/electron/plots_chi2ndf_edge/LD2_OB/sector_comparison/sector_comparison_r1.pdf  used on input line 335.
(luatex.def)             Requested size: 247.68044pt x 141.10565pt.
<images/electron/plots_chi2ndf_edge/LD2_OB/sector_comparison/sector_comparison_r2.pdf, id=626, 839.7774pt x 478.4274pt>
File: images/electron/plots_chi2ndf_edge/LD2_OB/sector_comparison/sector_comparison_r2.pdf Graphic file (type pdf)
<use images/electron/plots_chi2ndf_edge/LD2_OB/sector_comparison/sector_comparison_r2.pdf>
Package luatex.def Info: images/electron/plots_chi2ndf_edge/LD2_OB/sector_comparison/sector_comparison_r2.pdf  used on input line 335.
(luatex.def)             Requested size: 247.68044pt x 141.10565pt.
<images/electron/plots_chi2ndf_edge/LD2_OB/sector_comparison/sector_comparison_r3.pdf, id=627, 839.7774pt x 478.4274pt>
File: images/electron/plots_chi2ndf_edge/LD2_OB/sector_comparison/sector_comparison_r3.pdf Graphic file (type pdf)
<use images/electron/plots_chi2ndf_edge/LD2_OB/sector_comparison/sector_comparison_r3.pdf>
Package luatex.def Info: images/electron/plots_chi2ndf_edge/LD2_OB/sector_comparison/sector_comparison_r3.pdf  used on input line 335.
(luatex.def)             Requested size: 247.68044pt x 141.10565pt.


[11<./images/electron/plots_chi2ndf_edge/LD2_OB/variance_method_explanation.pdf>]
<images/electron/plots_chi2ndf_edge/LD2_OB/momentum_bins/momentum_comparison_r1.pdf, id=661, 839.7774pt x 478.4274pt>
File: images/electron/plots_chi2ndf_edge/LD2_OB/momentum_bins/momentum_comparison_r1.pdf Graphic file (type pdf)
<use images/electron/plots_chi2ndf_edge/LD2_OB/momentum_bins/momentum_comparison_r1.pdf>
Package luatex.def Info: images/electron/plots_chi2ndf_edge/LD2_OB/momentum_bins/momentum_comparison_r1.pdf  used on input line 347.
(luatex.def)             Requested size: 165.12553pt x 94.07043pt.
<images/electron/plots_chi2ndf_edge/LD2_OB/momentum_bins/momentum_comparison_r2.pdf, id=662, 839.7774pt x 478.4274pt>
File: images/electron/plots_chi2ndf_edge/LD2_OB/momentum_bins/momentum_comparison_r2.pdf Graphic file (type pdf)
<use images/electron/plots_chi2ndf_edge/LD2_OB/momentum_bins/momentum_comparison_r2.pdf>
Package luatex.def Info: images/electron/plots_chi2ndf_edge/LD2_OB/momentum_bins/momentum_comparison_r2.pdf  used on input line 354.
(luatex.def)             Requested size: 165.12553pt x 94.07043pt.
<images/electron/plots_chi2ndf_edge/LD2_OB/momentum_bins/momentum_comparison_r3.pdf, id=663, 839.7774pt x 478.4274pt>
File: images/electron/plots_chi2ndf_edge/LD2_OB/momentum_bins/momentum_comparison_r3.pdf Graphic file (type pdf)
<use images/electron/plots_chi2ndf_edge/LD2_OB/momentum_bins/momentum_comparison_r3.pdf>
Package luatex.def Info: images/electron/plots_chi2ndf_edge/LD2_OB/momentum_bins/momentum_comparison_r3.pdf  used on input line 361.
(luatex.def)             Requested size: 165.12553pt x 94.07043pt.

Overfull \hbox (135.14563pt too wide) in paragraph at lines 343--366
[]$[]$ 
 []

<images/electron/plots_chi2ndf_edge/LD2_OB/theta_bins/theta_comparison_r1.pdf, id=666, 839.7774pt x 478.4274pt>
File: images/electron/plots_chi2ndf_edge/LD2_OB/theta_bins/theta_comparison_r1.pdf Graphic file (type pdf)
<use images/electron/plots_chi2ndf_edge/LD2_OB/theta_bins/theta_comparison_r1.pdf>
Package luatex.def Info: images/electron/plots_chi2ndf_edge/LD2_OB/theta_bins/theta_comparison_r1.pdf  used on input line 377.
(luatex.def)             Requested size: 165.12553pt x 94.07043pt.
<images/electron/plots_chi2ndf_edge/LD2_OB/theta_bins/theta_comparison_r2.pdf, id=667, 839.7774pt x 478.4274pt>
File: images/electron/plots_chi2ndf_edge/LD2_OB/theta_bins/theta_comparison_r2.pdf Graphic file (type pdf)
<use images/electron/plots_chi2ndf_edge/LD2_OB/theta_bins/theta_comparison_r2.pdf>
Package luatex.def Info: images/electron/plots_chi2ndf_edge/LD2_OB/theta_bins/theta_comparison_r2.pdf  used on input line 384.
(luatex.def)             Requested size: 165.12553pt x 94.07043pt.
<images/electron/plots_chi2ndf_edge/LD2_OB/theta_bins/theta_comparison_r3.pdf, id=668, 839.7774pt x 478.4274pt>
File: images/electron/plots_chi2ndf_edge/LD2_OB/theta_bins/theta_comparison_r3.pdf Graphic file (type pdf)
<use images/electron/plots_chi2ndf_edge/LD2_OB/theta_bins/theta_comparison_r3.pdf>
Package luatex.def Info: images/electron/plots_chi2ndf_edge/LD2_OB/theta_bins/theta_comparison_r3.pdf  used on input line 391.
(luatex.def)             Requested size: 165.12553pt x 94.07043pt.

Overfull \hbox (135.14563pt too wide) in paragraph at lines 373--396
[]$[]$ 
 []



[12<./images/electron/plots_chi2ndf_edge/LD2_OB/fiducial_cut_Tracks_ElectronTracks_edge_vs_chi2ndf_r1_S1_1.pdf><./images/electron/plots_chi2ndf_edge/LD2_OB/sector_comparison/sector_comparison_r1.pdf><./images/electron/plots_chi2ndf_edge/LD2_OB/sector_comparison/sector_comparison_r2.pdf><./images/electron/plots_chi2ndf_edge/LD2_OB/sector_comparison/sector_comparison_r3.pdf>]
<images/electron/plots_chi2ndf_edge/target_comparison/OB/target_comparison_r1_S1.pdf, id=821, 839.7774pt x 478.4274pt>
File: images/electron/plots_chi2ndf_edge/target_comparison/OB/target_comparison_r1_S1.pdf Graphic file (type pdf)
<use images/electron/plots_chi2ndf_edge/target_comparison/OB/target_comparison_r1_S1.pdf>
Package luatex.def Info: images/electron/plots_chi2ndf_edge/target_comparison/OB/target_comparison_r1_S1.pdf  used on input line 407.
(luatex.def)             Requested size: 165.12553pt x 94.07043pt.
<images/electron/plots_chi2ndf_edge/target_comparison/OB/target_comparison_r2_S1.pdf, id=822, 839.7774pt x 478.4274pt>
File: images/electron/plots_chi2ndf_edge/target_comparison/OB/target_comparison_r2_S1.pdf Graphic file (type pdf)
<use images/electron/plots_chi2ndf_edge/target_comparison/OB/target_comparison_r2_S1.pdf>
Package luatex.def Info: images/electron/plots_chi2ndf_edge/target_comparison/OB/target_comparison_r2_S1.pdf  used on input line 414.
(luatex.def)             Requested size: 165.12553pt x 94.07043pt.
<images/electron/plots_chi2ndf_edge/target_comparison/OB/target_comparison_r3_S1.pdf, id=823, 839.7774pt x 478.4274pt>
File: images/electron/plots_chi2ndf_edge/target_comparison/OB/target_comparison_r3_S1.pdf Graphic file (type pdf)
<use images/electron/plots_chi2ndf_edge/target_comparison/OB/target_comparison_r3_S1.pdf>
Package luatex.def Info: images/electron/plots_chi2ndf_edge/target_comparison/OB/target_comparison_r3_S1.pdf  used on input line 421.
(luatex.def)             Requested size: 165.12553pt x 94.07043pt.

Overfull \hbox (135.14563pt too wide) in paragraph at lines 403--426
[]$[]$ 
 []



[13<./images/electron/plots_chi2ndf_edge/LD2_OB/momentum_bins/momentum_comparison_r1.pdf><./images/electron/plots_chi2ndf_edge/LD2_OB/momentum_bins/momentum_comparison_r2.pdf><./images/electron/plots_chi2ndf_edge/LD2_OB/momentum_bins/momentum_comparison_r3.pdf><./images/electron/plots_chi2ndf_edge/LD2_OB/theta_bins/theta_comparison_r1.pdf><./images/electron/plots_chi2ndf_edge/LD2_OB/theta_bins/theta_comparison_r2.pdf><./images/electron/plots_chi2ndf_edge/LD2_OB/theta_bins/theta_comparison_r3.pdf><./images/electron/plots_chi2ndf_edge/target_comparison/OB/target_comparison_r1_S1.pdf><./images/electron/plots_chi2ndf_edge/target_comparison/OB/target_comparison_r2_S1.pdf><./images/electron/plots_chi2ndf_edge/target_comparison/OB/target_comparison_r3_S1.pdf>]
Overfull \hbox (90.59322pt too wide) in paragraph at lines 451--470
 [][] 
 []



[14]

[15]
LaTeX Font Info:    External font `lmex10' loaded for size
(Font)              <5> on input line 519.

Overfull \hbox (141.73404pt too wide) in paragraph at lines 519--547
 [][] 
 []


Overfull \hbox (141.73404pt too wide) in paragraph at lines 554--582
 [][] 
 []

<images/electron/plots_event_builder/nphe_neg_all_targets_IB.pdf, id=1186, 1396.22118pt x 420.46077pt>
File: images/electron/plots_event_builder/nphe_neg_all_targets_IB.pdf Graphic file (type pdf)
<use images/electron/plots_event_builder/nphe_neg_all_targets_IB.pdf>
Package luatex.def Info: images/electron/plots_event_builder/nphe_neg_all_targets_IB.pdf  used on input line 590.
(luatex.def)             Requested size: 495.11902pt x 149.10101pt.

Overfull \hbox (114.25912pt too wide) in paragraph at lines 590--591
 [][] 
 []



[16

]
<images/electron/plots_sampling_fraction/OB/sectors_comparison_CxC.pdf, id=1197, 559.01973pt x 476.46167pt>
File: images/electron/plots_sampling_fraction/OB/sectors_comparison_CxC.pdf Graphic file (type pdf)
<use images/electron/plots_sampling_fraction/OB/sectors_comparison_CxC.pdf>
Package luatex.def Info: images/electron/plots_sampling_fraction/OB/sectors_comparison_CxC.pdf  used on input line 598.
(luatex.def)             Requested size: 266.60075pt x 227.23041pt.
<images/electron/plots_sampling_fraction/OB/sectors_comparison_CuSn.pdf, id=1198, 559.01973pt x 477.95816pt>
File: images/electron/plots_sampling_fraction/OB/sectors_comparison_CuSn.pdf Graphic file (type pdf)
<use images/electron/plots_sampling_fraction/OB/sectors_comparison_CuSn.pdf>
Package luatex.def Info: images/electron/plots_sampling_fraction/OB/sectors_comparison_CuSn.pdf  used on input line 605.
(luatex.def)             Requested size: 266.60075pt x 227.9441pt.
<images/electron/plots_calorimeter_fiducials/lv_vs_sf_CxC_all_sectors.pdf, id=1199, 537.65358pt x 422.53432pt>
File: images/electron/plots_calorimeter_fiducials/lv_vs_sf_CxC_all_sectors.pdf Graphic file (type pdf)
<use images/electron/plots_calorimeter_fiducials/lv_vs_sf_CxC_all_sectors.pdf>
Package luatex.def Info: images/electron/plots_calorimeter_fiducials/lv_vs_sf_CxC_all_sectors.pdf  used on input line 614.
(luatex.def)             Requested size: 266.60075pt x 209.52585pt.
<images/electron/plots_calorimeter_fiducials/lv_vs_sf_CuSn_all_sectors.pdf, id=1200, 537.65358pt x 423.253pt>
File: images/electron/plots_calorimeter_fiducials/lv_vs_sf_CuSn_all_sectors.pdf Graphic file (type pdf)
<use images/electron/plots_calorimeter_fiducials/lv_vs_sf_CuSn_all_sectors.pdf>
Package luatex.def Info: images/electron/plots_calorimeter_fiducials/lv_vs_sf_CuSn_all_sectors.pdf  used on input line 622.
(luatex.def)             Requested size: 266.60075pt x 209.88223pt.


[17<./images/electron/plots_event_builder/nphe_neg_all_targets_IB.pdf>]

[18<./images/electron/plots_sampling_fraction/OB/sectors_comparison_CxC.pdf><./images/electron/plots_sampling_fraction/OB/sectors_comparison_CuSn.pdf>]

[19<./images/electron/plots_calorimeter_fiducials/lv_vs_sf_CxC_all_sectors.pdf><./images/electron/plots_calorimeter_fiducials/lv_vs_sf_CuSn_all_sectors.pdf>] (./main.aux)
 ***********
LaTeX2e <2024-11-01> patch level 2
L3 programming layer <2025-01-18>
 ***********
Package rerunfilecheck Info: File `main.out' has not changed.
(rerunfilecheck)             Checksum: 7C150A02524D7EF17CFEDC919F1F9C14;1789.
)

Here is how much of LuaTeX's memory you used:
 34513 strings out of 475506
 195338,1373583 words of node,token memory allocated
 650 words of node memory still in use:
   7 hlist, 2 vlist, 2 rule, 2 glue, 4 kern, 1 glyph, 12 attribute, 78 glue_spec, 12 attribute_list, 2 write nodes
   avail lists: 2:3100,3:342,4:168,5:356,6:89,7:19488,8:66,9:3666,10:15,11:1194
 56439 multiletter control sequences out of 65536+600000
 92 fonts using 6232783 bytes
 131i,14n,127p,1411b,704s stack positions out of 10000i,1000n,20000p,200000b,200000s
{/usr/local/texlive/2025/texmf-dist/fonts/enc/dvips/lm/lm-ec.enc}{/usr/local/texlive/2025/texmf-dist/fonts/enc/dvips/lm/lm-mathit.enc}{/usr/local/texlive/2025/texmf-dist/fonts/enc/dvips/lm/lm-rm.enc}{/usr/local/texlive/2025/texmf-dist/fonts/enc/dvips/lm/lm-mathsy.enc}</usr/local/texlive/2025/texmf-dist/fonts/type1/public/lm/lmbx10.pfb></usr/local/texlive/2025/texmf-dist/fonts/type1/public/lm/lmbx12.pfb></usr/local/texlive/2025/texmf-dist/fonts/type1/public/lm/lmbx6.pfb></usr/local/texlive/2025/texmf-dist/fonts/type1/public/lm/lmcsc10.pfb></usr/local/texlive/2025/texmf-dist/fonts/type1/public/lm/lmcsco10.pfb></usr/local/texlive/2025/texmf-dist/fonts/type1/public/lm/lmmi10.pfb></usr/local/texlive/2025/texmf-dist/fonts/type1/public/lm/lmmi12.pfb></usr/local/texlive/2025/texmf-dist/fonts/type1/public/lm/lmmi5.pfb></usr/local/texlive/2025/texmf-dist/fonts/type1/public/lm/lmmi6.pfb></usr/local/texlive/2025/texmf-dist/fonts/type1/public/lm/lmmi8.pfb></usr/local/texlive/2025/texmf-dist/fonts/type1/public/lm/lmr10.pfb></usr/local/texlive/2025/texmf-dist/fonts/type1/public/lm/lmr12.pfb></usr/local/texlive/2025/texmf-dist/fonts/type1/public/lm/lmr6.pfb></usr/local/texlive/2025/texmf-dist/fonts/type1/public/lm/lmr8.pfb></usr/local/texlive/2025/texmf-dist/fonts/type1/public/lm/lmri10.pfb></usr/local/texlive/2025/texmf-dist/fonts/type1/public/lm/lmss8.pfb></usr/local/texlive/2025/texmf-dist/fonts/type1/public/lm/lmsy10.pfb></usr/local/texlive/2025/texmf-dist/fonts/type1/public/lm/lmsy8.pfb></usr/local/texlive/2025/texmf-dist/fonts/type1/public/lm/lmtt10.pfb></usr/local/texlive/2025/texmf-dist/fonts/type1/public/lm/lmtt12.pfb>
Output written on main.pdf (21 pages, 17736486 bytes).

PDF statistics: 1417 PDF objects out of 1440 (max. 8388607)
 925 compressed objects within 10 object streams
 66 named destinations out of 1000 (max. 131072)
 96 words of extra memory for PDF output out of 10000 (max. 100000000)

